<?xml version="1.0" encoding="UTF-8"?>
<testng-results skipped="0" failed="0" total="1" passed="1">
  <reporter-output>
  </reporter-output>
  <suite name="Suite1" duration-ms="23591" started-at="2016-01-20T10:31:42Z" finished-at="2016-01-20T10:32:05Z">
    <groups>
    </groups>
    <test name="LearnSeleniumWebdriverTestNG" duration-ms="23591" started-at="2016-01-20T10:31:42Z" finished-at="2016-01-20T10:32:05Z">
      <class name="sampleCode.TestNGParameter">
        <test-method status="PASS" signature="beforeTest()[pri:0, instance:sampleCode.TestNGParameter@55071871]" name="beforeTest" is-config="true" duration-ms="83" started-at="2016-01-20T17:31:42Z" finished-at="2016-01-20T17:31:42Z">
          <reporter-output>
          </reporter-output>
        </test-method> <!-- beforeTest -->
        <test-method status="PASS" signature="testNGParameter(java.lang.String, java.lang.String)[pri:0, instance:sampleCode.TestNGParameter@55071871]" name="testNGParameter" duration-ms="23479" started-at="2016-01-20T17:31:42Z" finished-at="2016-01-20T17:32:05Z">
          <params>
            <param index="0">
              <value>
                <![CDATA[thaithianhnga@gmail.com]]>
              </value>
            </param>
            <param index="1">
              <value>
                <![CDATA[123456789]]>
              </value>
            </param>
          </params>
          <reporter-output>
          </reporter-output>
        </test-method> <!-- testNGParameter -->
        <test-method status="PASS" signature="afterTest()[pri:0, instance:sampleCode.TestNGParameter@55071871]" name="afterTest" is-config="true" duration-ms="10" started-at="2016-01-20T17:32:05Z" finished-at="2016-01-20T17:32:05Z">
          <reporter-output>
          </reporter-output>
        </test-method> <!-- afterTest -->
      </class> <!-- sampleCode.TestNGParameter -->
    </test> <!-- LearnSeleniumWebdriverTestNG -->
  </suite> <!-- Suite1 -->
</testng-results>
